<?xml version="1.0" encoding="UTF-8"?>
<testsuite name="dao.Sql2oCategoryDaoTest" tests="14" skipped="0" failures="0" errors="0" timestamp="2022-11-26T20:17:06" hostname="kajela-HP-EliteBook-840-G3" time="0.832">
  <properties/>
  <testcase name="clearAllClearsAllCategories" classname="dao.Sql2oCategoryDaoTest" time="0.226"/>
  <testcase name="deleteByIdDeletesCorrectCategory" classname="dao.Sql2oCategoryDaoTest" time="0.118"/>
  <testcase name="updateChangesCategoryContent" classname="dao.Sql2oCategoryDaoTest" time="0.061"/>
  <testcase name="addedCategoriesAreReturnedFromGetAll" classname="dao.Sql2oCategoryDaoTest" time="0.04"/>
  <testcase name="getName" classname="dao.Sql2oCategoryDaoTest" time="0.023"/>
  <testcase name="getId" classname="dao.Sql2oCategoryDaoTest" time="0.02"/>
  <testcase name="setId" classname="dao.Sql2oCategoryDaoTest" time="0.018"/>
  <testcase name="addingCategorySetsId" classname="dao.Sql2oCategoryDaoTest" time="0.055"/>
  <testcase name="testHashCode" classname="dao.Sql2oCategoryDaoTest" time="0.034"/>
  <testcase name="testEquals" classname="dao.Sql2oCategoryDaoTest" time="0.02"/>
  <testcase name="getAllViralByCategoryReturnsAllViralCorrect" classname="dao.Sql2oCategoryDaoTest" time="0.102"/>
  <testcase name="setName" classname="dao.Sql2oCategoryDaoTest" time="0.018"/>
  <testcase name="noCategoryReturnsEmptyList" classname="dao.Sql2oCategoryDaoTest" time="0.031"/>
  <testcase name="existingCategoryCanBeFoundById" classname="dao.Sql2oCategoryDaoTest" time="0.041"/>
  <system-out><![CDATA[clearing all database
clearing all database
clearing all database
clearing all database
clearing all database
clearing all database
clearing all database
clearing all database
clearing all database
clearing all database
clearing all database
clearing all database
clearing all database
clearing all database
close connection
]]></system-out>
  <system-err><![CDATA[]]></system-err>
</testsuite>
