<?xml version="1.0" encoding="UTF-8"?>
<testsuite name="dao.Sql2oOfficerDaoTest" tests="1" skipped="0" failures="0" errors="0" timestamp="2023-03-17T08:55:35" hostname="kajela-HP-EliteBook-840-G3" time="0.248">
  <properties/>
  <testcase name="getAllPatientByOfficerReturnsAllPatientCorrect" classname="dao.Sql2oOfficerDaoTest" time="0.248"/>
  <system-out><![CDATA[clearing all database
close connection
]]></system-out>
  <system-err><![CDATA[]]></system-err>
</testsuite>
