<?xml version="1.0" encoding="UTF-8"?>
<testsuite name="models.ViralTest" tests="4" skipped="0" failures="0" errors="0" timestamp="2022-11-28T08:44:27" hostname="kajela-HP-EliteBook-840-G3" time="0.048">
  <properties/>
  <testcase name="ViralInstantiatesWithDescription_true" classname="models.ViralTest" time="0.044"/>
  <testcase name="isCompletedPropertyIsFalseAfterInstantiation" classname="models.ViralTest" time="0.0"/>
  <testcase name="getCreatedAtInstantiatesWithCurrentTimeToday" classname="models.ViralTest" time="0.0"/>
  <testcase name="NewViralObjectGetsCorrectlyCreated_true" classname="models.ViralTest" time="0.0"/>
  <system-out><![CDATA[]]></system-out>
  <system-err><![CDATA[]]></system-err>
</testsuite>
