<?xml version="1.0" encoding="UTF-8"?>
<testsuite name="models.OfficerTest" tests="1" skipped="0" failures="0" errors="0" timestamp="2023-03-17T17:30:50" hostname="kajela-HP-EliteBook-840-G3" time="0.005">
  <properties/>
  <testcase name="setOfficerSetsOfficerCorrectly" classname="models.OfficerTest" time="0.005"/>
  <system-out><![CDATA[]]></system-out>
  <system-err><![CDATA[]]></system-err>
</testsuite>
